PRINT 'int' (1,1-3)
ID 'a' (1,5-5)
IGUAL '=' (1,7-7)
INT '5' (1,9-9)
NEWLINE '\n' (1,10-10)
PRINT 'int' (2,1-3)
ID 'b' (2,5-5)
IGUAL '=' (2,7-7)
INT '3' (2,9-9)
NEWLINE '\n' (2,10-10)
PRINT 'int' (3,1-3)
ID 'resultado' (3,5-13)
IGUAL '=' (3,15-15)
ID 'a' (3,17-17)
SUM '+' (3,19-19)
ID 'b' (3,21-21)
MULTI '*' (3,23-23)
INT '2' (3,25-25)
RESTA '-' (3,27-27)
INT '4' (3,29-29)
DIV '/' (3,31-31)
INT '2' (3,33-33)
NEWLINE '\n' (3,34-34)
PRWRITE 'Write' (4,1-5)
PARENI '(' (4,6-6)
ID 'resultado' (4,7-15)
PAREND ')' (4,16-16)
FP 'EOF' (4,17-17)
