NEWLINE '\n' (1,78-78)
NEWLINE '\n' (2,35-35)
NEWLINE '\n' (3,16-16)
NEWLINE '\n' (4,33-33)
NEWLINE '\n' (5,15-15)
NEWLINE '\n' (6,78-78)
NEWLINE '\n' (7,40-40)
NEWLINE '\n' (8,1-1)
NEWLINE '\n' (9,30-30)
PRWRITE 'Write' (10,1-5)
PARENI '(' (10,6-6)
CHAR '"Hola Mundo"' (10,7-18)
PAREND ')' (10,19-19)
NEWLINE '\n' (10,20-20)
NEWLINE '\n' (11,1-1)
NEWLINE '\n' (12,47-47)
PRINT 'int' (13,1-3)
ID 'a' (13,5-5)
COMA ',' (13,6-6)
ID 'b' (13,8-8)
COMA ',' (13,9-9)
ID 'result' (13,11-16)
NEWLINE '\n' (13,17-17)
ID 'a' (14,1-1)
IGUAL '=' (14,3-3)
INT '10' (14,5-6)
NEWLINE '\n' (14,7-7)
ID 'b' (15,1-1)
IGUAL '=' (15,3-3)
INT '5' (15,5-5)
NEWLINE '\n' (15,6-6)
ID 'result' (16,1-6)
IGUAL '=' (16,8-8)
ID 'a' (16,10-10)
SUM '+' (16,12-12)
ID 'b' (16,14-14)
MULTI '*' (16,16-16)
INT '2' (16,18-18)
NEWLINE '\n' (16,19-19)
PRWRITE 'Write' (17,1-5)
PARENI '(' (17,6-6)
ID 'result' (17,7-12)
PAREND ')' (17,13-13)
NEWLINE '\n' (17,14-14)
NEWLINE '\n' (18,1-1)
NEWLINE '\n' (19,29-29)
PRINT 'int' (20,1-3)
ID 'n' (20,5-5)
NEWLINE '\n' (20,6-6)
PRWRITE 'Write' (21,1-5)
PARENI '(' (21,6-6)
CHAR '"Ingrese un número"' (21,7-25)
PAREND ')' (21,26-26)
NEWLINE '\n' (21,27-27)
PRREAD 'Read' (22,1-4)
PARENI '(' (22,5-5)
ID 'n' (22,6-6)
PAREND ')' (22,7-7)
NEWLINE '\n' (22,8-8)
PRIF 'if' (23,1-2)
ID 'n' (23,4-4)
MAYORQ '>' (23,6-6)
INT '0' (23,8-8)
NEWLINE '\n' (23,9-9)
INDENT '' (24,1-1)
PRWRITE 'Write' (24,5-9)
PARENI '(' (24,10-10)
CHAR '"Positivo"' (24,11-20)
PAREND ')' (24,21-21)
NEWLINE '\n' (24,22-22)
DEDENT '' (25,1-1)
PRELSE 'else' (25,1-4)
NEWLINE '\n' (25,5-5)
INDENT '' (26,1-1)
PRWRITE 'Write' (26,5-9)
PARENI '(' (26,10-10)
CHAR '"Cero o negativo"' (26,11-27)
PAREND ')' (26,28-28)
NEWLINE '\n' (26,29-29)
NEWLINE '\n' (27,1-1)
NEWLINE '\n' (28,51-51)
DEDENT '' (29,1-1)
ID 'func' (29,1-4)
PRINT 'int' (29,6-8)
ID 'suma' (29,10-13)
PARENI '(' (29,14-14)
PRINT 'int' (29,15-17)
ID 'x' (29,19-19)
COMA ',' (29,20-20)
PRINT 'int' (29,22-24)
ID 'y' (29,26-26)
PAREND ')' (29,27-27)
NEWLINE '\n' (29,28-28)
INDENT '' (30,1-1)
PRINT 'int' (30,5-7)
ID 'r' (30,9-9)
NEWLINE '\n' (30,10-10)
ID 'r' (31,5-5)
IGUAL '=' (31,7-7)
ID 'x' (31,9-9)
SUM '+' (31,11-11)
ID 'y' (31,13-13)
NEWLINE '\n' (31,14-14)
PRRETURN 'return' (32,5-10)
ID 'r' (32,12-12)
NEWLINE '\n' (32,13-13)
NEWLINE '\n' (33,1-1)
DEDENT '' (34,1-1)
PRINT 'int' (34,1-3)
ID 's' (34,5-5)
NEWLINE '\n' (34,6-6)
ID 's' (35,1-1)
IGUAL '=' (35,3-3)
ID 'suma' (35,5-8)
PARENI '(' (35,9-9)
INT '3' (35,10-10)
COMA ',' (35,11-11)
INT '4' (35,13-13)
PAREND ')' (35,14-14)
NEWLINE '\n' (35,15-15)
PRWRITE 'Write' (36,1-5)
PARENI '(' (36,6-6)
ID 's' (36,7-7)
PAREND ')' (36,8-8)
NEWLINE '\n' (36,9-9)
NEWLINE '\n' (37,1-1)
NEWLINE '\n' (38,50-50)
PRINT 'int' (39,1-3)
ID 'count' (39,5-9)
NEWLINE '\n' (39,10-10)
ID 'count' (40,1-5)
IGUAL '=' (40,7-7)
INT '0' (40,9-9)
NEWLINE '\n' (40,10-10)
PRWHILE 'while' (41,1-5)
ID 'count' (41,7-11)
MENORQ '<' (41,13-13)
INT '3' (41,15-15)
NEWLINE '\n' (41,16-16)
INDENT '' (42,1-1)
PRWRITE 'Write' (42,5-9)
PARENI '(' (42,10-10)
ID 'count' (42,11-15)
PAREND ')' (42,16-16)
NEWLINE '\n' (42,17-17)
ID 'count' (43,5-9)
IGUAL '=' (43,11-11)
ID 'count' (43,13-17)
SUM '+' (43,19-19)
INT '1' (43,21-21)
NEWLINE '\n' (43,22-22)
NEWLINE '\n' (44,1-1)
NEWLINE '\n' (45,40-40)
DEDENT '' (46,1-1)
PRFLOAT 'float' (46,1-5)
ID 'pi' (46,7-8)
NEWLINE '\n' (46,9-9)
ID 'pi' (47,1-2)
IGUAL '=' (47,4-4)
FLOAT '3.1416' (47,6-11)
NEWLINE '\n' (47,12-12)
PRWRITE 'Write' (48,1-5)
PARENI '(' (48,6-6)
ID 'pi' (48,7-8)
PAREND ')' (48,9-9)
NEWLINE '\n' (48,10-10)
NEWLINE '\n' (49,1-1)
PRBOOL 'bool' (50,1-4)
ID 'flag' (50,6-9)
NEWLINE '\n' (50,10-10)
ID 'flag' (51,1-4)
IGUAL '=' (51,6-6)
BOOL 'true' (51,8-11)
NEWLINE '\n' (51,12-12)
PRIF 'if' (52,1-2)
ID 'flag' (52,4-7)
IGUALIGUAL '==' (52,9-10)
BOOL 'true' (52,12-15)
NEWLINE '\n' (52,16-16)
INDENT '' (53,1-1)
PRWRITE 'Write' (53,5-9)
PARENI '(' (53,10-10)
CHAR '"flag está en true"' (53,11-29)
PAREND ')' (53,30-30)
NEWLINE '\n' (53,31-31)
DEDENT '' (54,1-1)
FP 'EOF' (54,1-1)
