NEWLINE '\n' (1,57-57)
NEWLINE '\n' (2,1-1)
PRINT 'int' (3,1-3)
ID 'a' (3,5-5)
IGUAL '=' (3,7-7)
INT '1' (3,9-9)
NEWLINE '\n' (3,10-10)
PRINT 'int' (4,1-3)
ID 'b' (4,5-5)
IGUAL '=' (4,7-7)
INT '2' (4,9-9)
NEWLINE '\n' (4,10-10)
NEWLINE '\n' (5,1-1)
PRIF 'if' (6,1-2)
PARENI '(' (6,4-4)
ID 'a' (6,5-5)
NOIGUAL '!=' (6,7-8)
ID 'b' (6,10-10)
PAREND ')' (6,11-11)
NEWLINE '\n' (6,12-12)
INDENT '' (7,1-1)
PRWRITE 'Write' (7,5-9)
PARENI '(' (7,10-10)
CHAR '"distintos"' (7,11-21)
PAREND ')' (7,22-22)
NEWLINE '\n' (7,23-23)
ID 'a' (8,5-5)
IGUAL '=' (8,7-7)
ID 'a' (8,9-9)
SUM '+' (8,11-11)
INT '1' (8,13-13)
NEWLINE '\n' (8,14-14)
DEDENT '' (9,1-1)
PRELSE 'else' (9,1-4)
NEWLINE '\n' (9,5-5)
INDENT '' (10,1-1)
PRWRITE 'Write' (10,5-9)
PARENI '(' (10,10-10)
CHAR '"iguales"' (10,11-19)
PAREND ')' (10,20-20)
NEWLINE '\n' (10,21-21)
NEWLINE '\n' (11,1-1)
DEDENT '' (12,1-1)
PRWHILE 'while' (12,1-5)
PARENI '(' (12,7-7)
ID 'a' (12,8-8)
MENORIGUAL '<=' (12,10-11)
INT '5' (12,13-13)
PAREND ')' (12,14-14)
NEWLINE '\n' (12,15-15)
INDENT '' (13,1-1)
PRWRITE 'Write' (13,5-9)
PARENI '(' (13,10-10)
ID 'a' (13,11-11)
PAREND ')' (13,12-12)
NEWLINE '\n' (13,13-13)
ID 'a' (14,5-5)
IGUAL '=' (14,7-7)
ID 'a' (14,9-9)
SUM '+' (14,11-11)
INT '1' (14,13-13)
NEWLINE '\n' (14,14-14)
NEWLINE '\n' (15,1-1)
NEWLINE '\n' (16,60-60)
DEDENT '' (17,1-1)
PRINT 'int' (17,1-3)
ID 'identificadorDemasiadoLargooooo' (17,5-35)
IGUAL '=' (17,47-47)
INT '9' (17,49-49)
NEWLINE '\n' (17,50-50)
NEWLINE '\n' (18,1-1)
NEWLINE '\n' (19,57-57)
PRWHILE 'while' (20,1-5)
PARENI '(' (20,7-7)
ID 'b' (20,8-8)
MENORQ '<' (20,10-10)
INT '4' (20,12-12)
PAREND ')' (20,13-13)
NEWLINE '\n' (20,14-14)
INDENT '' (21,1-1)
PRWRITE 'Write' (21,5-9)
PARENI '(' (21,10-10)
ID 'b' (21,11-11)
PAREND ')' (21,12-12)
NEWLINE '\n' (21,13-13)
ID 'b' (22,5-5)
IGUAL '=' (22,7-7)
ID 'b' (22,9-9)
SUM '+' (22,11-11)
INT '1' (22,13-13)
NEWLINE '\n' (22,14-14)
NEWLINE '\n' (23,1-1)
NEWLINE '\n' (24,46-46)
DEDENT '' (25,1-1)
ID 'a' (25,1-1)
IGUAL '=' (25,3-3)
ID 'a' (25,5-5)
ERROR '@' (25,7-7)
INT '3' (25,9-9)
NEWLINE '\n' (25,10-10)
PRWRITE 'Write' (26,1-5)
PARENI '(' (26,6-6)
ID 'a' (26,7-7)
PAREND ')' (26,8-8)
FP 'EOF' (26,9-9)
