PRINT 'int' (1,1-3)
INT '1' (1,5-5)
ID 'edad' (1,6-9)
IGUAL '=' (1,11-11)
INT '5' (1,13-13)
NEWLINE '\n' (1,14-14)
NEWLINE '\n' (2,1-1)
PRREAD 'Read' (3,1-4)
PARENI '(' (3,5-5)
ID 'edad' (3,6-9)
NEWLINE '\n' (3,10-10)
NEWLINE '\n' (4,1-1)
PRIF 'if' (5,1-2)
PARENI '(' (5,4-4)
ID 'edad' (5,5-8)
MAYORQ '>' (5,10-10)
MAYORQ '>' (5,11-11)
INT '18' (5,13-14)
PAREND ')' (5,15-15)
NEWLINE '\n' (5,16-16)
INDENT '' (6,1-5)
PRWRITE 'Write' (6,5-9)
PARENI '(' (6,10-10)
ERROR '"Mayor de edad)' (6,11-26)
NEWLINE '\n' (6,26-26)
NEWLINE '\n' (7,1-1)
DEDENT '' (8,1-1)
ID 'elsee' (8,1-5)
NEWLINE '\n' (8,6-6)
INDENT '' (9,1-5)
PRWRITE 'Write' (9,5-9)
PARENI '(' (9,10-10)
CHAR '"Menor de edad"' (9,11-25)
PAREND ')' (9,26-26)
NEWLINE '\n' (9,27-27)
NEWLINE '\n' (10,1-1)
DEDENT '' (11,1-1)
ID 'resultado' (11,1-9)
IGUAL '=' (11,11-11)
ID 'a' (11,13-13)
SUM '+' (11,15-15)
INT '5' (11,17-17)
ERROR '$' (11,19-19)
INT '3' (11,21-21)
NEWLINE '\n' (11,22-22)
NEWLINE '\n' (12,1-1)
PRINT 'int' (13,1-3)
ID 'nombre' (13,5-10)
ERROR '@' (13,11-11)
IGUAL '=' (13,13-13)
INT '10' (13,15-16)
NEWLINE '\n' (13,17-17)
NEWLINE '\n' (14,1-1)
PRINT 'int' (15,1-3)
ID 'decimal' (15,5-11)
IGUAL '=' (15,13-13)
FLOAT '3.4' (15,15-17)
ERROR '.' (15,18-18)
INT '5' (15,19-19)
NEWLINE '\n' (15,20-20)
NEWLINE '\n' (16,1-1)
PRWRITE 'Write' (17,1-5)
PARENI '(' (17,6-6)
NEWLINE '\n' (17,18-18)
NEWLINE '\n' (18,1-1)
RESTA '-' (19,1-1)
RESTA '-' (19,2-2)
ID 'edad' (19,3-6)
SUM '+' (19,7-7)
SUM '+' (19,8-8)
FP 'EOF' (19,9-9)
