NEWLINE '\n' (1,30-30)
NEWLINE '\n' (2,1-1)
PRDEF 'def' (3,1-3)
ID 'calcular' (3,5-12)
PARENI '(' (3,13-13)
PRINT 'int' (3,14-16)
ID 'a' (3,18-18)
COMA ',' (3,19-19)
PRINT 'int' (3,21-23)
ID 'b' (3,25-25)
PAREND ')' (3,26-26)
NEWLINE '\n' (3,27-27)
INDENT '' (4,1-1)
PRINT 'int' (4,5-7)
ID 'resultado' (4,9-17)
IGUAL '=' (4,19-19)
ID 'a' (4,21-21)
SUM '+' (4,23-23)
ID 'b' (4,25-25)
NEWLINE '\n' (4,26-26)
PRIF 'if' (5,5-6)
PARENI '(' (5,8-8)
ID 'resultado' (5,9-17)
MAYORIGUAL '>=' (5,19-20)
INT '10' (5,22-23)
PAREND ')' (5,24-24)
NEWLINE '\n' (5,25-25)
INDENT '' (6,1-1)
PRWRITE 'Write' (6,9-13)
PARENI '(' (6,14-14)
CHAR '"Mayor o igual a 10"' (6,15-34)
PAREND ')' (6,35-35)
NEWLINE '\n' (6,36-36)
DEDENT '' (7,1-1)
PRELSE 'else' (7,5-8)
NEWLINE '\n' (7,9-9)
INDENT '' (8,1-1)
PRWRITE 'Write' (8,9-13)
PARENI '(' (8,14-14)
CHAR '"Menor a 10"' (8,15-26)
PAREND ')' (8,27-27)
NEWLINE '\n' (8,28-28)
DEDENT '' (9,1-1)
PRRETURN 'return' (9,5-10)
ID 'resultado' (9,12-20)
NEWLINE '\n' (9,21-21)
NEWLINE '\n' (10,1-1)
DEDENT '' (11,1-1)
PRINT 'int' (11,1-3)
ID 'x' (11,5-5)
IGUAL '=' (11,7-7)
INT '5' (11,9-9)
NEWLINE '\n' (11,10-10)
PRINT 'int' (12,1-3)
ID 'y' (12,5-5)
IGUAL '=' (12,7-7)
INT '7' (12,9-9)
NEWLINE '\n' (12,10-10)
NEWLINE '\n' (13,1-1)
PRINT 'int' (14,1-3)
ID 'total' (14,5-9)
IGUAL '=' (14,11-11)
ID 'calcular' (14,13-20)
PARENI '(' (14,21-21)
ID 'x' (14,22-22)
COMA ',' (14,23-23)
ID 'y' (14,25-25)
PAREND ')' (14,26-26)
NEWLINE '\n' (14,27-27)
NEWLINE '\n' (15,1-1)
PRWHILE 'while' (16,1-5)
PARENI '(' (16,7-7)
ID 'total' (16,8-12)
MAYORQ '>' (16,14-14)
INT '0' (16,16-16)
PAREND ')' (16,17-17)
NEWLINE '\n' (16,18-18)
INDENT '' (17,1-1)
PRWRITE 'Write' (17,5-9)
PARENI '(' (17,10-10)
ID 'total' (17,11-15)
PAREND ')' (17,16-16)
NEWLINE '\n' (17,17-17)
ID 'total' (18,5-9)
IGUAL '=' (18,11-11)
ID 'total' (18,13-17)
RESTA '-' (18,19-19)
INT '1' (18,21-21)
NEWLINE '\n' (18,22-22)
NEWLINE '\n' (19,1-1)
NEWLINE '\n' (20,30-30)
DEDENT '' (21,1-1)
PRINT 'int' (21,1-3)
ID 'numero' (21,5-10)
IGUAL '=' (21,12-12)
FLOAT '3.4' (21,14-16)
ERROR '.' (21,17-17)
INT '5' (21,18-18)
NEWLINE '\n' (21,19-19)
PRWRITE 'Write' (22,1-5)
PARENI '(' (22,6-6)
ERROR '"Texto sin cerrar)' (22,7-25)
NEWLINE '\n' (22,25-25)
ID 'valor' (23,1-5)
ERROR '$' (23,6-6)
IGUAL '=' (23,8-8)
INT '10' (23,10-11)
FP 'EOF' (23,12-12)
