PRINT 'int' (1,1-3)
ID 'contador' (1,5-12)
IGUAL '=' (1,14-14)
INT '0' (1,16-16)
NEWLINE '\n' (1,17-17)
PRINT 'int' (2,1-3)
ID 'limite' (2,5-10)
NEWLINE '\n' (2,11-11)
PRREAD 'Read' (3,1-4)
PARENI '(' (3,5-5)
ID 'limite' (3,6-11)
PAREND ')' (3,12-12)
NEWLINE '\n' (3,13-13)
NEWLINE '\n' (4,1-1)
PRWHILE 'while' (5,1-5)
PARENI '(' (5,7-7)
ID 'contador' (5,8-15)
MENORQ '<' (5,17-17)
ID 'limite' (5,19-24)
PAREND ')' (5,25-25)
NEWLINE '\n' (5,26-26)
INDENT '' (6,1-1)
PRWRITE 'Write' (6,5-9)
PARENI '(' (6,10-10)
ID 'contador' (6,11-18)
PAREND ')' (6,19-19)
NEWLINE '\n' (6,20-20)
ID 'contador' (7,5-12)
IGUAL '=' (7,14-14)
ID 'contador' (7,16-23)
SUM '+' (7,25-25)
INT '1' (7,27-27)
DEDENT '' (7,28-28)
FP 'EOF' (7,28-28)
