NEWLINE '\n' (1,47-47)
NEWLINE '\n' (2,92-92)
NEWLINE '\n' (3,65-65)
NEWLINE '\n' (4,1-1)
PRINT 'int' (5,1-3)
ID 'x' (5,5-5)
ERROR ';' (5,6-6)
NEWLINE '\n' (5,7-7)
ID 'x' (6,1-1)
IGUAL '=' (6,3-3)
INT '10' (6,5-6)
ERROR ';' (6,7-7)
NEWLINE '\n' (6,8-8)
NEWLINE '\n' (7,1-1)
NEWLINE '\n' (8,30-30)
ID 'x' (9,1-1)
IGUAL '=' (9,3-3)
ID 'x' (9,5-5)
ERROR '@' (9,7-7)
INT '2' (9,9-9)
ERROR ';' (9,10-10)
NEWLINE '\n' (9,11-11)
NEWLINE '\n' (10,1-1)
NEWLINE '\n' (11,40-40)
PRWRITE 'Write' (12,1-5)
PARENI '(' (12,6-6)
ERROR '"Hola Mundo);' (12,7-20)
NEWLINE '\n' (12,20-20)
NEWLINE '\n' (13,1-1)
NEWLINE '\n' (14,47-47)
PRFLOAT 'float' (15,1-5)
ID 'y' (15,7-7)
ERROR ';' (15,8-8)
NEWLINE '\n' (15,9-9)
ID 'y' (16,1-1)
IGUAL '=' (16,3-3)
INT '12' (16,5-6)
ERROR '.' (16,7-7)
ERROR '.' (16,8-8)
INT '3' (16,9-9)
ERROR ';' (16,10-10)
NEWLINE '\n' (16,11-11)
NEWLINE '\n' (17,1-1)
NEWLINE '\n' (18,41-41)
PRINT 'int' (19,1-3)
ID 'thisIdentifierIsDefinitelyMoreT' (19,5-35)
ERROR ';' (19,56-56)
NEWLINE '\n' (19,57-57)
ID 'thisIdentifierIsDefinitelyMoreT' (20,1-31)
IGUAL '=' (20,53-53)
INT '1' (20,55-55)
ERROR ';' (20,56-56)
NEWLINE '\n' (20,57-57)
NEWLINE '\n' (21,1-1)
NEWLINE '\n' (22,58-58)
PRIF 'if' (23,1-2)
ID 'x' (23,4-4)
MAYORQ '>' (23,6-6)
INT '0' (23,8-8)
ERROR ':' (23,9-9)
NEWLINE '\n' (23,10-10)
INDENT '' (24,1-1)
PRWRITE 'Write' (24,17-21)
PARENI '(' (24,22-22)
CHAR '"ok"' (24,23-26)
PAREND ')' (24,27-27)
ERROR ';' (24,28-28)
NEWLINE '\n' (24,29-29)
DEDENT '' (25,1-1)
PRWRITE 'Write' (25,9-13)
PARENI '(' (25,14-14)
CHAR '"bad indent"' (25,15-26)
PAREND ')' (25,27-27)
ERROR ';' (25,28-28)
NEWLINE '\n' (25,79-79)
NEWLINE '\n' (26,1-1)
NEWLINE '\n' (27,35-35)
PRWRITE 'Write' (28,1-5)
PARENI '(' (28,6-6)
ERROR '¿' (28,7-7)
ID 'x' (28,8-8)
PAREND ')' (28,9-9)
ERROR ';' (28,10-10)
NEWLINE '\n' (28,11-11)
FP 'EOF' (29,1-1)
